2023-06-12 16:23:37.796 [DEBUG] DESKTOP-I94FBGC --- [nio-8080-exec-2] r.b.p.s.s.t.i.TaskAttachmentServiceImpl  : Attachment for task id=1 rewritten. File: scheme.png. Path: files\tasks\uploads\project_Project-1\task_1
2023-06-12 16:25:20.613 [DEBUG] DESKTOP-I94FBGC --- [nio-8080-exec-2] r.b.p.s.s.t.i.TaskAttachmentServiceImpl  : Attachment for task id=1 rewritten. File: scheme.png. Path: files\tasks\uploads\project_Project-1\task_1
2023-06-12 16:26:42.404 [DEBUG] DESKTOP-I94FBGC --- [nio-8080-exec-3] r.b.p.s.s.t.i.TaskAttachmentServiceImpl  : Attachment for task id=1 rewritten. File: scheme.png. Path: files\tasks\uploads\project_Project-1\task_1
2023-06-12 16:29:33.905 [DEBUG] DESKTOP-I94FBGC --- [nio-8080-exec-4] r.b.p.s.s.t.i.TaskAttachmentServiceImpl  : Attachment for task id=1 rewritten. File: scheme.png. Path: files\tasks\uploads\project_Project-1\task_1
2023-06-12 16:34:58.833 [DEBUG] DESKTOP-I94FBGC --- [nio-8080-exec-4] r.b.p.s.s.t.i.TaskAttachmentServiceImpl  : Attachment for task id=1 rewritten. File: scheme.png. Path: files\tasks\uploads\project_Project-1\task_1
2023-06-12 17:02:53.263 [DEBUG] DESKTOP-I94FBGC --- [nio-8080-exec-3] r.b.p.s.s.t.i.TaskAttachmentServiceImpl  : New attachment for task id=1 added. File: scheme.png. Path: files\tasks\uploads\project_Project-1\task_1
2023-06-12 18:00:02.555 [DEBUG] DESKTOP-I94FBGC --- [io-8080-exec-10] r.b.p.s.s.t.i.TaskAttachmentServiceImpl  : New attachment for task id=1 added. File: scheme.png. Path: files\tasks\uploads\project_Project-1\task_1
2023-06-12 18:00:19.102 [DEBUG] DESKTOP-I94FBGC --- [nio-8080-exec-1] r.b.p.s.s.t.i.TaskAttachmentServiceImpl  : New attachment for task id=1 added. File: scheme.png. Path: files\tasks\uploads\project_Project-1\task_1
2023-06-14 11:31:19.692 [DEBUG] DESKTOP-I94FBGC --- [nio-8080-exec-3] r.b.p.s.s.t.i.TaskServiceImpl            : Task id=5 created.
2023-06-14 11:31:58.651 [DEBUG] DESKTOP-I94FBGC --- [nio-8080-exec-5] r.b.p.s.s.t.i.TaskServiceImpl            : Task id=6 created.
2023-06-14 11:33:21.477 [DEBUG] DESKTOP-I94FBGC --- [nio-8080-exec-3] r.b.p.s.s.t.i.TaskServiceImpl            : Task id=7 created.
2023-06-14 11:36:06.170 [DEBUG] DESKTOP-I94FBGC --- [nio-8080-exec-7] r.b.p.s.s.t.i.TaskServiceImpl            : Task id=8 created.
2023-06-14 11:40:42.061 [DEBUG] DESKTOP-I94FBGC --- [nio-8080-exec-5] r.b.p.s.s.t.i.TaskServiceImpl            : Task id=9 created.
2023-06-14 11:42:13.960 [DEBUG] DESKTOP-I94FBGC --- [nio-8080-exec-6] r.b.p.s.s.t.i.TaskServiceImpl            : Task id=9 updated.
2023-06-14 11:42:34.760 [DEBUG] DESKTOP-I94FBGC --- [nio-8080-exec-7] r.b.p.s.s.t.i.TaskServiceImpl            : Task id=10 created.
2023-06-14 11:43:21.210 [DEBUG] DESKTOP-I94FBGC --- [nio-8080-exec-8] r.b.p.s.s.t.i.TaskServiceImpl            : Task id=10 updated.
2023-06-14 11:43:25.035 [DEBUG] DESKTOP-I94FBGC --- [nio-8080-exec-1] r.b.p.s.s.t.i.TaskServiceImpl            : Task id=10 updated.
2023-06-14 11:43:42.034 [DEBUG] DESKTOP-I94FBGC --- [nio-8080-exec-3] r.b.p.s.s.t.i.TaskServiceImpl            : Task id=10 updated.
2023-06-14 11:48:58.990 [DEBUG] DESKTOP-I94FBGC --- [io-8080-exec-10] r.b.p.s.s.t.i.TaskServiceImpl            : Task id=10 updated.
2023-06-14 11:49:00.794 [DEBUG] DESKTOP-I94FBGC --- [nio-8080-exec-9] r.b.p.s.s.t.i.TaskServiceImpl            : Task id=10 updated.
2023-06-14 11:49:03.998 [DEBUG] DESKTOP-I94FBGC --- [nio-8080-exec-8] r.b.p.s.s.t.i.TaskServiceImpl            : Task id=10 updated.
2023-06-14 11:49:07.677 [DEBUG] DESKTOP-I94FBGC --- [nio-8080-exec-1] r.b.p.s.s.t.i.TaskServiceImpl            : Task id=10 updated.
2023-06-14 14:23:56.679 [DEBUG] DESKTOP-I94FBGC --- [nio-8080-exec-9] r.b.p.s.s.t.i.TaskServiceImpl            : Task id=5 created.
2023-06-14 22:36:20.323 [DEBUG] DESKTOP-I94FBGC --- [nio-8080-exec-6] r.b.p.s.s.t.i.TaskServiceImpl            : Task id=6 created.
2023-06-14 22:36:21.156 [DEBUG] DESKTOP-I94FBGC --- [nio-8080-exec-5] r.b.p.s.s.t.i.TaskServiceImpl            : Task id=7 created.
2023-06-14 22:36:22.447 [DEBUG] DESKTOP-I94FBGC --- [nio-8080-exec-4] r.b.p.s.s.t.i.TaskServiceImpl            : Task id=8 created.
2023-06-14 22:36:23.157 [DEBUG] DESKTOP-I94FBGC --- [nio-8080-exec-7] r.b.p.s.s.t.i.TaskServiceImpl            : Task id=9 created.
2023-06-14 22:36:23.850 [DEBUG] DESKTOP-I94FBGC --- [nio-8080-exec-8] r.b.p.s.s.t.i.TaskServiceImpl            : Task id=10 created.
2023-06-15 10:58:17.346 [DEBUG] DESKTOP-I94FBGC --- [nio-8080-exec-5] r.b.p.s.s.t.i.TaskServiceImpl            : Task id=11 created.
2023-06-15 11:14:43.457 [DEBUG] DESKTOP-I94FBGC --- [nio-8080-exec-8] r.b.p.s.s.t.i.TaskServiceImpl            : Task id=5 created.
2023-06-15 11:14:47.568 [DEBUG] DESKTOP-I94FBGC --- [nio-8080-exec-9] r.b.p.s.s.t.i.TaskServiceImpl            : Task id=6 created.
2023-06-15 11:14:48.028 [DEBUG] DESKTOP-I94FBGC --- [io-8080-exec-10] r.b.p.s.s.t.i.TaskServiceImpl            : Task id=7 created.
2023-06-15 11:14:48.912 [DEBUG] DESKTOP-I94FBGC --- [nio-8080-exec-2] r.b.p.s.s.t.i.TaskServiceImpl            : Task id=8 created.
2023-06-15 11:26:28.113 [DEBUG] DESKTOP-I94FBGC --- [nio-8080-exec-3] r.b.p.s.s.t.i.TaskServiceImpl            : Task id=9 created.
2023-06-15 11:37:24.674 [DEBUG] DESKTOP-I94FBGC --- [nio-8080-exec-1] r.b.p.s.s.t.i.TaskServiceImpl            : Task id=9 updated.
2023-06-15 12:17:21.134 [DEBUG] DESKTOP-I94FBGC --- [nio-8080-exec-5] r.b.p.s.s.t.i.TaskServiceImpl            : Task id=9 created.
2023-06-15 12:25:14.175 [DEBUG] DESKTOP-I94FBGC --- [nio-8080-exec-2] r.b.p.s.s.t.i.TaskServiceImpl            : Task id=5 created.
2023-06-15 12:25:16.475 [DEBUG] DESKTOP-I94FBGC --- [nio-8080-exec-6] r.b.p.s.s.t.i.TaskServiceImpl            : Task id=6 created.
2023-06-15 12:25:17.132 [DEBUG] DESKTOP-I94FBGC --- [nio-8080-exec-7] r.b.p.s.s.t.i.TaskServiceImpl            : Task id=7 created.
2023-06-15 12:25:43.641 [DEBUG] DESKTOP-I94FBGC --- [nio-8080-exec-8] r.b.p.s.s.t.i.TaskServiceImpl            : Task id=7 updated.
2023-06-15 16:50:14.062 [DEBUG] DESKTOP-I94FBGC --- [nio-8080-exec-4] r.b.p.s.s.t.i.TaskAttachmentServiceImpl  : New attachment for task id=1 added. File: scheme.png. Path: files\tasks\uploads\project_Project-1\task_1
2023-06-15 17:26:15.157 [DEBUG] DESKTOP-I94FBGC --- [nio-8080-exec-4] r.b.p.s.s.t.i.TaskAttachmentServiceImpl  : New attachment for task id=1 added. File: scheme.png. Path: files\tasks\uploads\project_Project-1\task_1
2023-06-15 17:26:19.692 [DEBUG] DESKTOP-I94FBGC --- [nio-8080-exec-3] r.b.p.s.s.t.i.TaskAttachmentServiceImpl  : New attachment for task id=1 added. File: scheme1.png. Path: files\tasks\uploads\project_Project-1\task_1
2023-06-15 17:26:23.845 [DEBUG] DESKTOP-I94FBGC --- [nio-8080-exec-5] r.b.p.s.s.t.i.TaskAttachmentServiceImpl  : New attachment for task id=1 added. File: scheme2.png. Path: files\tasks\uploads\project_Project-1\task_1
2023-06-15 17:26:30.621 [DEBUG] DESKTOP-I94FBGC --- [nio-8080-exec-7] r.b.p.s.s.t.i.TaskServiceImpl            : Task id=1 deleted.
